<?xml version="1.0" encoding="UTF-8"?>
<testng-results ignored="0" total="1" passed="1" failed="0" skipped="0">
  <reporter-output>
  </reporter-output>
  <suite started-at="2023-01-06T10:42:04 IST" name="Default suite" finished-at="2023-01-06T10:42:16 IST" duration-ms="11242">
    <groups>
    </groups>
    <test started-at="2023-01-06T10:42:04 IST" name="Default test" finished-at="2023-01-06T10:42:16 IST" duration-ms="11242">
      <class name="testcases.TC_001">
        <test-method signature="testcase1()[pri:0, instance:testcases.TC_001@3e6ef8ad]" started-at="2023-01-06T10:42:04 IST" name="testcase1" finished-at="2023-01-06T10:42:16 IST" duration-ms="11158" status="PASS">
          <reporter-output>
          </reporter-output>
        </test-method> <!-- testcase1 -->
      </class> <!-- testcases.TC_001 -->
    </test> <!-- Default test -->
  </suite> <!-- Default suite -->
</testng-results>
